[2025-08-05T19:12:19.694+0000] {taskinstance.py:1956} INFO - Dependencies all met for dep_context=non-requeueable deps ti=<TaskInstance: Ejercicio1.LoadAndSetfactSales manual__2025-08-05T19:11:50.986885+00:00 [queued]>
[2025-08-05T19:12:19.724+0000] {taskinstance.py:1956} INFO - Dependencies all met for dep_context=requeueable deps ti=<TaskInstance: Ejercicio1.LoadAndSetfactSales manual__2025-08-05T19:11:50.986885+00:00 [queued]>
[2025-08-05T19:12:19.750+0000] {taskinstance.py:2170} INFO - Starting attempt 1 of 2
[2025-08-05T19:12:20.357+0000] {taskinstance.py:2191} INFO - Executing <Task(PythonOperator): LoadAndSetfactSales> on 2025-08-05 19:11:50.986885+00:00
[2025-08-05T19:12:22.210+0000] {standard_task_runner.py:60} INFO - Started process 822 to run task
[2025-08-05T19:12:22.217+0000] {standard_task_runner.py:87} INFO - Running: ['***', 'tasks', 'run', 'Ejercicio1', 'LoadAndSetfactSales', 'manual__2025-08-05T19:11:50.986885+00:00', '--job-id', '113', '--raw', '--subdir', 'DAGS_FOLDER/ejercicio1.py', '--cfg-path', '/tmp/tmppnl2f8n3']
[2025-08-05T19:12:22.225+0000] {standard_task_runner.py:88} INFO - Job 113: Subtask LoadAndSetfactSales
[2025-08-05T19:12:22.758+0000] {task_command.py:423} INFO - Running <TaskInstance: Ejercicio1.LoadAndSetfactSales manual__2025-08-05T19:11:50.986885+00:00 [running]> on host 019b67754667
[2025-08-05T19:12:23.501+0000] {taskinstance.py:2480} INFO - Exporting env vars: AIRFLOW_CTX_DAG_OWNER='***' AIRFLOW_CTX_DAG_ID='Ejercicio1' AIRFLOW_CTX_TASK_ID='LoadAndSetfactSales' AIRFLOW_CTX_EXECUTION_DATE='2025-08-05T19:11:50.986885+00:00' AIRFLOW_CTX_TRY_NUMBER='1' AIRFLOW_CTX_DAG_RUN_ID='manual__2025-08-05T19:11:50.986885+00:00'
[2025-08-05T19:12:23.538+0000] {python.py:201} INFO - Done. Returned value was: None
[2025-08-05T19:12:23.651+0000] {taskinstance.py:1138} INFO - Marking task as SUCCESS. dag_id=Ejercicio1, task_id=LoadAndSetfactSales, execution_date=20250805T191150, start_date=20250805T191219, end_date=20250805T191223
[2025-08-05T19:12:23.863+0000] {local_task_job_runner.py:234} INFO - Task exited with return code 0
[2025-08-05T19:12:24.053+0000] {taskinstance.py:3280} INFO - 0 downstream tasks scheduled from follow-on schedule check
[2025-08-05T19:17:33.262+0000] {taskinstance.py:1956} INFO - Dependencies all met for dep_context=non-requeueable deps ti=<TaskInstance: Ejercicio1.LoadAndSetfactsales manual__2025-08-05T19:11:50.986885+00:00 [queued]>
[2025-08-05T19:17:33.353+0000] {taskinstance.py:1956} INFO - Dependencies all met for dep_context=requeueable deps ti=<TaskInstance: Ejercicio1.LoadAndSetfactsales manual__2025-08-05T19:11:50.986885+00:00 [queued]>
[2025-08-05T19:17:33.367+0000] {taskinstance.py:2170} INFO - Starting attempt 1 of 2
[2025-08-05T19:17:33.536+0000] {taskinstance.py:2191} INFO - Executing <Task(PythonOperator): LoadAndSetfactsales> on 2025-08-05 19:11:50.986885+00:00
[2025-08-05T19:17:33.615+0000] {standard_task_runner.py:60} INFO - Started process 903 to run task
[2025-08-05T19:17:33.650+0000] {standard_task_runner.py:87} INFO - Running: ['***', 'tasks', 'run', 'Ejercicio1', 'LoadAndSetfactsales', 'manual__2025-08-05T19:11:50.986885+00:00', '--job-id', '118', '--raw', '--subdir', 'DAGS_FOLDER/ejercicio1.py', '--cfg-path', '/tmp/tmpb3rufams']
[2025-08-05T19:17:33.663+0000] {standard_task_runner.py:88} INFO - Job 118: Subtask LoadAndSetfactsales
[2025-08-05T19:17:33.943+0000] {task_command.py:423} INFO - Running <TaskInstance: Ejercicio1.LoadAndSetfactsales manual__2025-08-05T19:11:50.986885+00:00 [running]> on host 019b67754667
[2025-08-05T19:17:34.500+0000] {taskinstance.py:2480} INFO - Exporting env vars: AIRFLOW_CTX_DAG_OWNER='***' AIRFLOW_CTX_DAG_ID='Ejercicio1' AIRFLOW_CTX_TASK_ID='LoadAndSetfactsales' AIRFLOW_CTX_EXECUTION_DATE='2025-08-05T19:11:50.986885+00:00' AIRFLOW_CTX_TRY_NUMBER='1' AIRFLOW_CTX_DAG_RUN_ID='manual__2025-08-05T19:11:50.986885+00:00'
[2025-08-05T19:17:34.605+0000] {taskinstance.py:2698} ERROR - Task failed with exception
Traceback (most recent call last):
  File "/home/airflow/.local/lib/python3.8/site-packages/sqlalchemy/engine/base.py", line 1910, in _execute_context
    self.dialect.do_execute(
  File "/home/airflow/.local/lib/python3.8/site-packages/sqlalchemy/engine/default.py", line 736, in do_execute
    cursor.execute(statement, parameters)
psycopg2.errors.UndefinedTable: relation "factsales" does not exist
LINE 1: SELECT * FROM "factsales"
                      ^


The above exception was the direct cause of the following exception:

Traceback (most recent call last):
  File "/home/airflow/.local/lib/python3.8/site-packages/airflow/models/taskinstance.py", line 433, in _execute_task
    result = execute_callable(context=context, **execute_callable_kwargs)
  File "/home/airflow/.local/lib/python3.8/site-packages/airflow/operators/python.py", line 199, in execute
    return_value = self.execute_callable()
  File "/home/airflow/.local/lib/python3.8/site-packages/airflow/operators/python.py", line 216, in execute_callable
    return self.python_callable(*self.op_args, **self.op_kwargs)
  File "/opt/airflow/dags/ejercicio1.py", line 112, in call
    set_lastid(table,id,engine)
  File "/opt/airflow/dags/ejercicio1.py", line 94, in set_lastid
    df = pd.read_sql(f'SELECT * FROM "{table}"', engine)
  File "/home/airflow/.local/lib/python3.8/site-packages/pandas/io/sql.py", line 663, in read_sql
    return pandas_sql.read_query(
  File "/home/airflow/.local/lib/python3.8/site-packages/pandas/io/sql.py", line 1738, in read_query
    result = self.execute(sql, params)
  File "/home/airflow/.local/lib/python3.8/site-packages/pandas/io/sql.py", line 1562, in execute
    return self.con.exec_driver_sql(sql, *args)
  File "/home/airflow/.local/lib/python3.8/site-packages/sqlalchemy/engine/base.py", line 1770, in exec_driver_sql
    return self._exec_driver_sql(
  File "/home/airflow/.local/lib/python3.8/site-packages/sqlalchemy/engine/base.py", line 1674, in _exec_driver_sql
    ret = self._execute_context(
  File "/home/airflow/.local/lib/python3.8/site-packages/sqlalchemy/engine/base.py", line 1953, in _execute_context
    self._handle_dbapi_exception(
  File "/home/airflow/.local/lib/python3.8/site-packages/sqlalchemy/engine/base.py", line 2134, in _handle_dbapi_exception
    util.raise_(
  File "/home/airflow/.local/lib/python3.8/site-packages/sqlalchemy/util/compat.py", line 211, in raise_
    raise exception
  File "/home/airflow/.local/lib/python3.8/site-packages/sqlalchemy/engine/base.py", line 1910, in _execute_context
    self.dialect.do_execute(
  File "/home/airflow/.local/lib/python3.8/site-packages/sqlalchemy/engine/default.py", line 736, in do_execute
    cursor.execute(statement, parameters)
sqlalchemy.exc.ProgrammingError: (psycopg2.errors.UndefinedTable) relation "factsales" does not exist
LINE 1: SELECT * FROM "factsales"
                      ^

[SQL: SELECT * FROM "factsales"]
(Background on this error at: https://sqlalche.me/e/14/f405)
[2025-08-05T19:17:34.901+0000] {taskinstance.py:1138} INFO - Marking task as UP_FOR_RETRY. dag_id=Ejercicio1, task_id=LoadAndSetfactsales, execution_date=20250805T191150, start_date=20250805T191733, end_date=20250805T191734
[2025-08-05T19:17:35.017+0000] {standard_task_runner.py:107} ERROR - Failed to execute job 118 for task LoadAndSetfactsales ((psycopg2.errors.UndefinedTable) relation "factsales" does not exist
LINE 1: SELECT * FROM "factsales"
                      ^

[SQL: SELECT * FROM "factsales"]
(Background on this error at: https://sqlalche.me/e/14/f405); 903)
[2025-08-05T19:17:35.137+0000] {local_task_job_runner.py:234} INFO - Task exited with return code 1
[2025-08-05T19:17:35.466+0000] {taskinstance.py:3280} INFO - 0 downstream tasks scheduled from follow-on schedule check
